Flow report for singlecycle
Thu Sep 15 13:14:33 2016
Quartus II 32-bit Version 13.0.1 Build 232 06/12/2013 Service Pack 1 SJ Full Version


---------------------
; Table of Contents ;
---------------------
  1. Legal Notice
  2. Flow Summary
  3. Flow Settings
  4. Flow Non-Default Global Settings
  5. Flow Elapsed Time
  6. Flow OS Summary
  7. Flow Log
  8. Flow Messages
  9. Flow Suppressed Messages



----------------
; Legal Notice ;
----------------
Copyright (C) 1991-2013 Altera Corporation
Your use of Altera Corporation's design tools, logic functions 
and other software and tools, and its AMPP partner logic 
functions, and any output files from any of the foregoing 
(including device programming or simulation files), and any 
associated documentation or information are expressly subject 
to the terms and conditions of the Altera Program License 
Subscription Agreement, Altera MegaCore Function License 
Agreement, or other applicable license agreement, including, 
without limitation, that your use is for the sole purpose of 
programming logic devices manufactured by Altera and sold by 
Altera or its authorized distributors.  Please refer to the 
applicable agreement for further details.



+---------------------------------------------------------------------------------------+
; Flow Summary                                                                          ;
+------------------------------------+--------------------------------------------------+
; Flow Status                        ; Successful - Thu Sep 15 13:14:23 2016            ;
; Quartus II 32-bit Version          ; 13.0.1 Build 232 06/12/2013 SP 1 SJ Full Version ;
; Revision Name                      ; singlecycle                                      ;
; Top-level Entity Name              ; system_fpga                                      ;
; Family                             ; Cyclone IV E                                     ;
; Device                             ; EP4CE115F29C7                                    ;
; Timing Models                      ; Final                                            ;
; Total logic elements               ; 3,304 / 114,480 ( 3 % )                          ;
;     Total combinational functions  ; 3,159 / 114,480 ( 3 % )                          ;
;     Dedicated logic registers      ; 1,599 / 114,480 ( 1 % )                          ;
; Total registers                    ; 1599                                             ;
; Total pins                         ; 106 / 529 ( 20 % )                               ;
; Total virtual pins                 ; 0                                                ;
; Total memory bits                  ; 525,056 / 3,981,312 ( 13 % )                     ;
; Embedded Multiplier 9-bit elements ; 0 / 532 ( 0 % )                                  ;
; Total PLLs                         ; 0 / 4 ( 0 % )                                    ;
+------------------------------------+--------------------------------------------------+


+-----------------------------------------+
; Flow Settings                           ;
+-------------------+---------------------+
; Option            ; Setting             ;
+-------------------+---------------------+
; Start date & time ; 09/14/2016 19:28:54 ;
; Main task         ; Compilation         ;
; Revision Name     ; singlecycle         ;
+-------------------+---------------------+


+------------------------------------------------------------------------------------------------------------------------------------------+
; Flow Non-Default Global Settings                                                                                                         ;
+-------------------------------------+----------------------------------------------+---------------+------------------------+------------+
; Assignment Name                     ; Value                                        ; Default Value ; Entity Name            ; Section Id ;
+-------------------------------------+----------------------------------------------+---------------+------------------------+------------+
; COMPILER_SIGNATURE_ID               ; 268891671204923.147389573429931              ; --            ; --                     ; --         ;
; MAX_CORE_JUNCTION_TEMP              ; 85                                           ; --            ; --                     ; --         ;
; MIN_CORE_JUNCTION_TEMP              ; 0                                            ; --            ; --                     ; --         ;
; NOMINAL_CORE_SUPPLY_VOLTAGE         ; 1.2V                                         ; --            ; --                     ; --         ;
; PARTITION_COLOR                     ; 16764057                                     ; --            ; DE2_115_Basic_Computer ; Top        ;
; PARTITION_COLOR                     ; 16764057                                     ; --            ; system_fpga            ; Top        ;
; PARTITION_FITTER_PRESERVATION_LEVEL ; PLACEMENT_AND_ROUTING                        ; --            ; DE2_115_Basic_Computer ; Top        ;
; PARTITION_FITTER_PRESERVATION_LEVEL ; PLACEMENT_AND_ROUTING                        ; --            ; system_fpga            ; Top        ;
; PARTITION_NETLIST_TYPE              ; SOURCE                                       ; --            ; DE2_115_Basic_Computer ; Top        ;
; PARTITION_NETLIST_TYPE              ; SOURCE                                       ; --            ; system_fpga            ; Top        ;
; POWER_BOARD_THERMAL_MODEL           ; None (CONSERVATIVE)                          ; --            ; --                     ; --         ;
; POWER_PRESET_COOLING_SOLUTION       ; 23 MM HEAT SINK WITH 200 LFPM AIRFLOW        ; --            ; --                     ; --         ;
; PROJECT_OUTPUT_DIRECTORY            ; output_files                                 ; --            ; --                     ; --         ;
; SEARCH_PATH                         ; /home/ecegrid/a/mg267/mips-processor/include ; --            ; --                     ; --         ;
; TOP_LEVEL_ENTITY                    ; system_fpga                                  ; singlecycle   ; --                     ; --         ;
+-------------------------------------+----------------------------------------------+---------------+------------------------+------------+


+-------------------------------------------------------------------------------------------------------------------------------+
; Flow Elapsed Time                                                                                                             ;
+---------------------------+--------------+-------------------------+---------------------+------------------------------------+
; Module Name               ; Elapsed Time ; Average Processors Used ; Peak Virtual Memory ; Total CPU Time (on all processors) ;
+---------------------------+--------------+-------------------------+---------------------+------------------------------------+
; Analysis & Synthesis      ; 00:00:13     ; 1.0                     ; 430 MB              ; 00:00:11                           ;
; Fitter                    ; 00:00:22     ; 1.7                     ; 799 MB              ; 00:00:28                           ;
; Assembler                 ; 00:00:05     ; 1.0                     ; 357 MB              ; 00:00:05                           ;
; TimeQuest Timing Analyzer ; 00:00:09     ; 1.0                     ; 477 MB              ; 00:00:08                           ;
; Analysis & Synthesis      ; 00:00:16     ; 1.3                     ; 415 MB              ; 00:00:12                           ;
; Partition Merge           ; 00:00:02     ; 1.0                     ; 341 MB              ; 00:00:01                           ;
; Fitter                    ; 00:00:53     ; 2.1                     ; 856 MB              ; 00:01:34                           ;
; Assembler                 ; 00:00:06     ; 1.0                     ; 354 MB              ; 00:00:05                           ;
; TimeQuest Timing Analyzer ; 00:00:10     ; 1.0                     ; 484 MB              ; 00:00:09                           ;
; Analysis & Synthesis      ; 00:00:21     ; 1.6                     ; 422 MB              ; 00:00:18                           ;
; Partition Merge           ; 00:00:02     ; 1.0                     ; 332 MB              ; 00:00:01                           ;
; Fitter                    ; 00:00:23     ; 1.4                     ; 819 MB              ; 00:00:30                           ;
; Assembler                 ; 00:00:05     ; 1.0                     ; 350 MB              ; 00:00:05                           ;
; TimeQuest Timing Analyzer ; 00:00:09     ; 1.0                     ; 490 MB              ; 00:00:08                           ;
; Analysis & Synthesis      ; 00:00:39     ; 1.6                     ; 498 MB              ; 00:00:39                           ;
; Partition Merge           ; 00:00:04     ; 1.0                     ; 406 MB              ; 00:00:04                           ;
; Fitter                    ; 00:02:30     ; 2.8                     ; 1030 MB             ; 00:05:13                           ;
; Assembler                 ; 00:00:06     ; 1.0                     ; 388 MB              ; 00:00:05                           ;
; TimeQuest Timing Analyzer ; 00:00:14     ; 1.1                     ; 614 MB              ; 00:00:14                           ;
; Analysis & Synthesis      ; 00:00:11     ; 1.0                     ; 476 MB              ; 00:00:08                           ;
; Partition Merge           ; 00:00:04     ; 1.0                     ; 412 MB              ; 00:00:04                           ;
; Fitter                    ; 00:00:54     ; 1.8                     ; 974 MB              ; 00:01:10                           ;
; Assembler                 ; 00:00:06     ; 1.0                     ; 393 MB              ; 00:00:05                           ;
; TimeQuest Timing Analyzer ; 00:00:13     ; 1.3                     ; 611 MB              ; 00:00:14                           ;
; Analysis & Synthesis      ; 00:00:05     ; 1.0                     ; 429 MB              ; 00:00:03                           ;
; Partition Merge           ; 00:00:01     ; 1.0                     ; 364 MB              ; 00:00:01                           ;
; Fitter                    ; 00:00:18     ; 1.2                     ; 816 MB              ; 00:00:22                           ;
; Assembler                 ; 00:00:05     ; 1.0                     ; 362 MB              ; 00:00:05                           ;
; TimeQuest Timing Analyzer ; 00:00:08     ; 1.0                     ; 477 MB              ; 00:00:08                           ;
; Analysis & Synthesis      ; 00:00:12     ; 1.5                     ; 419 MB              ; 00:00:10                           ;
; Partition Merge           ; 00:00:01     ; 1.0                     ; 350 MB              ; 00:00:01                           ;
; Fitter                    ; 00:00:18     ; 1.4                     ; 816 MB              ; 00:00:22                           ;
; Assembler                 ; 00:00:05     ; 1.0                     ; 366 MB              ; 00:00:05                           ;
; TimeQuest Timing Analyzer ; 00:00:09     ; 1.0                     ; 478 MB              ; 00:00:08                           ;
; Analysis & Synthesis      ; 00:00:12     ; 1.4                     ; 422 MB              ; 00:00:10                           ;
; Partition Merge           ; 00:00:02     ; 1.0                     ; 344 MB              ; 00:00:01                           ;
; Fitter                    ; 00:00:18     ; 1.4                     ; 812 MB              ; 00:00:22                           ;
; Assembler                 ; 00:00:05     ; 1.0                     ; 366 MB              ; 00:00:05                           ;
; TimeQuest Timing Analyzer ; 00:00:09     ; 1.0                     ; 492 MB              ; 00:00:08                           ;
; Analysis & Synthesis      ; 00:00:07     ; 1.0                     ; 400 MB              ; 00:00:04                           ;
; Partition Merge           ; 00:00:01     ; 1.0                     ; 344 MB              ; 00:00:01                           ;
; Fitter                    ; 00:00:18     ; 1.2                     ; 819 MB              ; 00:00:22                           ;
; Assembler                 ; 00:00:05     ; 1.0                     ; 366 MB              ; 00:00:05                           ;
; TimeQuest Timing Analyzer ; 00:00:08     ; 1.0                     ; 478 MB              ; 00:00:08                           ;
; Total                     ; 00:11:04     ; --                      ; --                  ; 00:14:42                           ;
+---------------------------+--------------+-------------------------+---------------------+------------------------------------+


+---------------------------------------------------------------------------------------------+
; Flow OS Summary                                                                             ;
+---------------------------+-------------------------+---------+------------+----------------+
; Module Name               ; Machine Hostname        ; OS Name ; OS Version ; Processor type ;
+---------------------------+-------------------------+---------+------------+----------------+
; Analysis & Synthesis      ; cparch06.ecn.purdue.edu ; Red Hat ; 6          ; x86_64         ;
; Fitter                    ; cparch06.ecn.purdue.edu ; Red Hat ; 6          ; x86_64         ;
; Assembler                 ; cparch06.ecn.purdue.edu ; Red Hat ; 6          ; x86_64         ;
; TimeQuest Timing Analyzer ; cparch06.ecn.purdue.edu ; Red Hat ; 6          ; x86_64         ;
; Analysis & Synthesis      ; cparch06.ecn.purdue.edu ; Red Hat ; 6          ; x86_64         ;
; Partition Merge           ; cparch06.ecn.purdue.edu ; Red Hat ; 6          ; x86_64         ;
; Fitter                    ; cparch06.ecn.purdue.edu ; Red Hat ; 6          ; x86_64         ;
; Assembler                 ; cparch06.ecn.purdue.edu ; Red Hat ; 6          ; x86_64         ;
; TimeQuest Timing Analyzer ; cparch06.ecn.purdue.edu ; Red Hat ; 6          ; x86_64         ;
; Analysis & Synthesis      ; cparch08.ecn.purdue.edu ; Red Hat ; 6          ; x86_64         ;
; Partition Merge           ; cparch08.ecn.purdue.edu ; Red Hat ; 6          ; x86_64         ;
; Fitter                    ; cparch08.ecn.purdue.edu ; Red Hat ; 6          ; x86_64         ;
; Assembler                 ; cparch08.ecn.purdue.edu ; Red Hat ; 6          ; x86_64         ;
; TimeQuest Timing Analyzer ; cparch08.ecn.purdue.edu ; Red Hat ; 6          ; x86_64         ;
; Analysis & Synthesis      ; cparch08.ecn.purdue.edu ; Red Hat ; 6          ; x86_64         ;
; Partition Merge           ; cparch08.ecn.purdue.edu ; Red Hat ; 6          ; x86_64         ;
; Fitter                    ; cparch08.ecn.purdue.edu ; Red Hat ; 6          ; x86_64         ;
; Assembler                 ; cparch08.ecn.purdue.edu ; Red Hat ; 6          ; x86_64         ;
; TimeQuest Timing Analyzer ; cparch08.ecn.purdue.edu ; Red Hat ; 6          ; x86_64         ;
; Analysis & Synthesis      ; cparch08.ecn.purdue.edu ; Red Hat ; 6          ; x86_64         ;
; Partition Merge           ; cparch08.ecn.purdue.edu ; Red Hat ; 6          ; x86_64         ;
; Fitter                    ; cparch08.ecn.purdue.edu ; Red Hat ; 6          ; x86_64         ;
; Assembler                 ; cparch08.ecn.purdue.edu ; Red Hat ; 6          ; x86_64         ;
; TimeQuest Timing Analyzer ; cparch08.ecn.purdue.edu ; Red Hat ; 6          ; x86_64         ;
; Analysis & Synthesis      ; cparch08.ecn.purdue.edu ; Red Hat ; 6          ; x86_64         ;
; Partition Merge           ; cparch08.ecn.purdue.edu ; Red Hat ; 6          ; x86_64         ;
; Fitter                    ; cparch08.ecn.purdue.edu ; Red Hat ; 6          ; x86_64         ;
; Assembler                 ; cparch08.ecn.purdue.edu ; Red Hat ; 6          ; x86_64         ;
; TimeQuest Timing Analyzer ; cparch08.ecn.purdue.edu ; Red Hat ; 6          ; x86_64         ;
; Analysis & Synthesis      ; cparch08.ecn.purdue.edu ; Red Hat ; 6          ; x86_64         ;
; Partition Merge           ; cparch08.ecn.purdue.edu ; Red Hat ; 6          ; x86_64         ;
; Fitter                    ; cparch08.ecn.purdue.edu ; Red Hat ; 6          ; x86_64         ;
; Assembler                 ; cparch08.ecn.purdue.edu ; Red Hat ; 6          ; x86_64         ;
; TimeQuest Timing Analyzer ; cparch08.ecn.purdue.edu ; Red Hat ; 6          ; x86_64         ;
; Analysis & Synthesis      ; cparch08.ecn.purdue.edu ; Red Hat ; 6          ; x86_64         ;
; Partition Merge           ; cparch08.ecn.purdue.edu ; Red Hat ; 6          ; x86_64         ;
; Fitter                    ; cparch08.ecn.purdue.edu ; Red Hat ; 6          ; x86_64         ;
; Assembler                 ; cparch08.ecn.purdue.edu ; Red Hat ; 6          ; x86_64         ;
; TimeQuest Timing Analyzer ; cparch08.ecn.purdue.edu ; Red Hat ; 6          ; x86_64         ;
; Analysis & Synthesis      ; cparch08.ecn.purdue.edu ; Red Hat ; 6          ; x86_64         ;
; Partition Merge           ; cparch08.ecn.purdue.edu ; Red Hat ; 6          ; x86_64         ;
; Fitter                    ; cparch08.ecn.purdue.edu ; Red Hat ; 6          ; x86_64         ;
; Assembler                 ; cparch08.ecn.purdue.edu ; Red Hat ; 6          ; x86_64         ;
; TimeQuest Timing Analyzer ; cparch08.ecn.purdue.edu ; Red Hat ; 6          ; x86_64         ;
+---------------------------+-------------------------+---------+------------+----------------+


------------
; Flow Log ;
------------
quartus_map --read_settings_files=on --write_settings_files=off singlecycle -c singlecycle
quartus_fit --read_settings_files=off --write_settings_files=off singlecycle -c singlecycle
quartus_asm --read_settings_files=off --write_settings_files=off singlecycle -c singlecycle
quartus_sta singlecycle -c singlecycle
quartus_map --read_settings_files=on --write_settings_files=off singlecycle -c singlecycle
quartus_cdb --read_settings_files=off --write_settings_files=off singlecycle -c singlecycle --merge=on
quartus_fit --read_settings_files=off --write_settings_files=off singlecycle -c singlecycle
quartus_asm --read_settings_files=off --write_settings_files=off singlecycle -c singlecycle
quartus_sta singlecycle -c singlecycle
quartus_map --read_settings_files=on --write_settings_files=off singlecycle -c singlecycle
quartus_cdb --read_settings_files=off --write_settings_files=off singlecycle -c singlecycle --merge=on
quartus_fit --read_settings_files=off --write_settings_files=off singlecycle -c singlecycle
quartus_asm --read_settings_files=off --write_settings_files=off singlecycle -c singlecycle
quartus_sta singlecycle -c singlecycle
quartus_map --read_settings_files=on --write_settings_files=off singlecycle -c singlecycle
quartus_cdb --read_settings_files=off --write_settings_files=off singlecycle -c singlecycle --merge=on
quartus_fit --read_settings_files=off --write_settings_files=off singlecycle -c singlecycle
quartus_asm --read_settings_files=off --write_settings_files=off singlecycle -c singlecycle
quartus_sta singlecycle -c singlecycle
quartus_map --read_settings_files=on --write_settings_files=off singlecycle -c singlecycle
quartus_cdb --read_settings_files=off --write_settings_files=off singlecycle -c singlecycle --merge=on
quartus_fit --read_settings_files=off --write_settings_files=off singlecycle -c singlecycle
quartus_asm --read_settings_files=off --write_settings_files=off singlecycle -c singlecycle
quartus_sta singlecycle -c singlecycle
quartus_map --read_settings_files=on --write_settings_files=off singlecycle -c singlecycle
quartus_cdb --read_settings_files=off --write_settings_files=off singlecycle -c singlecycle --merge=on
quartus_fit --read_settings_files=off --write_settings_files=off singlecycle -c singlecycle
quartus_asm --read_settings_files=off --write_settings_files=off singlecycle -c singlecycle
quartus_sta singlecycle -c singlecycle
quartus_map --read_settings_files=on --write_settings_files=off singlecycle -c singlecycle
quartus_cdb --read_settings_files=off --write_settings_files=off singlecycle -c singlecycle --merge=on
quartus_fit --read_settings_files=off --write_settings_files=off singlecycle -c singlecycle
quartus_asm --read_settings_files=off --write_settings_files=off singlecycle -c singlecycle
quartus_sta singlecycle -c singlecycle
quartus_map --read_settings_files=on --write_settings_files=off singlecycle -c singlecycle
quartus_cdb --read_settings_files=off --write_settings_files=off singlecycle -c singlecycle --merge=on
quartus_fit --read_settings_files=off --write_settings_files=off singlecycle -c singlecycle
quartus_asm --read_settings_files=off --write_settings_files=off singlecycle -c singlecycle
quartus_sta singlecycle -c singlecycle
quartus_map --read_settings_files=on --write_settings_files=off singlecycle -c singlecycle
quartus_cdb --read_settings_files=off --write_settings_files=off singlecycle -c singlecycle --merge=on
quartus_fit --read_settings_files=off --write_settings_files=off singlecycle -c singlecycle
quartus_asm --read_settings_files=off --write_settings_files=off singlecycle -c singlecycle
quartus_sta singlecycle -c singlecycle



